[10:10:30] Validate files [started]
Validating files for hopr-testnet.public.dappnode.eth (version 1.0.19)
Compose file is valid.
[10:10:30] Validate files [completed]
[10:10:30] Verify connection [started]
[10:10:31] Verify connection [completed]
[10:10:31] Create release directories [started]
Creating release directory for hopr-testnet.public.dappnode.eth (version 1.0.19) at build_hopr-testnet.public.dappnode.eth_1.0.19
[10:10:31] Create release directories [completed]
[10:10:31] Copy files to release directory [started]
[10:10:31] Copy files to release directory [completed]
[10:10:31] Build hopr-testnet.public.dappnode.eth (version 1.0.19) for arch linux/amd64 [started]
[10:10:31] Build docker image [started]
[10:10:32] → time="2026-05-12T10:10:32Z" level=warning msg="/home/runner/work/DAppNodePackage-Hopr-testnet/DAppNodePackage-Hopr-testnet/docker-compose-tmp.yml: the attribute `version` is obsolete, it will be ignored, please remove it to avoid potential confusion"
[10:10:32] → #1 [internal] load local bake definitions
[10:10:32] → #1 reading from stdin 1.03kB done
#1 DONE 0.0s

#2 [admin internal] load build definition from Dockerfile
#2 transferring dockerfile: 160B done
#2 DONE 0.0s

#3 [node internal] load build definition from Dockerfile
#3 transferring dockerfile: 385B done
[10:10:32] → #3 WARN: InvalidDefaultArgInFrom: Default value for ARG europe-west3-docker.pkg.dev/hoprassociation/docker-images/hoprd:${UPSTREAM_VERSION} results in empty or invalid base image name (line 2)
#3 DONE 0.0s

#4 [node internal] load metadata for europe-west3-docker.pkg.dev/hoprassociation/docker-images/hoprd:4.0.0-rc.4@sha256:b4fa010ddfe9ad83cdf54b17438db5997ae5f40771e600f5fbf06342cfbb2864
[10:10:34] → #4 ...

#5 [admin internal] load metadata for europe-west3-docker.pkg.dev/hoprassociation/docker-images/hopr-admin:3.0.3
#5 DONE 1.9s
[10:10:34] → #6 [admin internal] load .dockerignore
#6 transferring context: 2B done
#6 DONE 0.0s

#4 [node internal] load metadata for europe-west3-docker.pkg.dev/hoprassociation/docker-images/hoprd:4.0.0-rc.4@sha256:b4fa010ddfe9ad83cdf54b17438db5997ae5f40771e600f5fbf06342cfbb2864
#4 DONE 1.9s

#7 [node internal] load .dockerignore
#7 transferring context: 2B done
#7 DONE 0.0s

#8 [node internal] load build context
#8 transferring context: 955B done
#8 DONE 0.0s

#9 [admin 1/1] FROM europe-west3-docker.pkg.dev/hoprassociation/docker-images/hopr-admin:3.0.3@sha256:4d5c225685ac06682b48fe49e917524fb3991fb932ec4c8d30e3264d45b702cc
#9 resolve europe-west3-docker.pkg.dev/hoprassociation/docker-images/hopr-admin:3.0.3@sha256:4d5c225685ac06682b48fe49e917524fb3991fb932ec4c8d30e3264d45b702cc done
#9 DONE 0.0s

#10 [admin] exporting to docker image format
#10 exporting layers done
[10:10:34] → #10 exporting manifest sha256:5e38363cdc30029dfc6279abd2d0a975e26491c0083770d72aca5077ca69c016 done
#10 exporting config sha256:365926f0bac3e0c197e379539539f854ebea6b046653ed5474420fb294d142cb 0.0s done
[10:10:34] → #10 ...

#11 [node 1/4] FROM europe-west3-docker.pkg.dev/hoprassociation/docker-images/hoprd:4.0.0-rc.4@sha256:b4fa010ddfe9ad83cdf54b17438db5997ae5f40771e600f5fbf06342cfbb2864
#11 resolve europe-west3-docker.pkg.dev/hoprassociation/docker-images/hoprd:4.0.0-rc.4@sha256:b4fa010ddfe9ad83cdf54b17438db5997ae5f40771e600f5fbf06342cfbb2864 done
#11 DONE 0.2s
[10:10:34] → #9 [admin 1/1] FROM europe-west3-docker.pkg.dev/hoprassociation/docker-images/hopr-admin:3.0.3@sha256:4d5c225685ac06682b48fe49e917524fb3991fb932ec4c8d30e3264d45b702cc
#9 sha256:a7184f3665edddbc7158689d323241c2c2ca5b8d8085327fd61d18c4ad61e1f8 0B / 25.60MB 0.3s
#9 sha256:2c26607cd55c54854010c965995e113e7b48d461180027f30d3c263ef1541a7a 0B / 285B 0.2s
#9 sha256:7dbc1adf280e1aa588c033eaa746aa6db327ee16be705740f81741f5e6945c86 0B / 31.42MB 0.2s
#9 sha256:9d79e61987dc68136b9a02f034c19b7e65e6f304684a4f815af1dd842e68ec43 0B / 211B 0.2s
[10:10:34] → #9 sha256:2c26607cd55c54854010c965995e113e7b48d461180027f30d3c263ef1541a7a 285B / 285B 0.3s done
[10:10:34] → #9 sha256:f144d5d975032afe8385cc7fa10037a024ed69280a1927547c8304135ffc9af4 0B / 624B 0.2s
[10:10:34] → #9 sha256:f144d5d975032afe8385cc7fa10037a024ed69280a1927547c8304135ffc9af4 624B / 624B 0.4s done
[10:10:35] → #9 sha256:9d79e61987dc68136b9a02f034c19b7e65e6f304684a4f815af1dd842e68ec43 211B / 211B 0.8s done
#9 sha256:608e661a622a81456a89594fd1c6e83944c6bc5ad0cc85d868bf879a51539fdc 0B / 1.40kB 0.2s
[10:10:35] → #9 sha256:4f4fb700ef54461cfa02571ae0db9a0dc1e0cdb5577484a6d75e68dc38e8acc1 32B / 32B 0.2s done
[10:10:35] → #9 sha256:a7184f3665edddbc7158689d323241c2c2ca5b8d8085327fd61d18c4ad61e1f8 6.29MB / 25.60MB 1.2s
#9 sha256:608e661a622a81456a89594fd1c6e83944c6bc5ad0cc85d868bf879a51539fdc 1.40kB / 1.40kB 0.4s done
#9 sha256:bf4c339fc5f8a61ab43c4705ed176f40471eb384211ce0106e2d2e7684989bdc 0B / 209B 0.2s
[10:10:35] → #9 sha256:a7184f3665edddbc7158689d323241c2c2ca5b8d8085327fd61d18c4ad61e1f8 12.58MB / 25.60MB 1.4s
#9 sha256:356d4b647b64f188619c9ec69829da8f555db524e316cfd01bd2d88bcaaaf8fa 0B / 772B 0.2s
[10:10:35] → #9 sha256:a7184f3665edddbc7158689d323241c2c2ca5b8d8085327fd61d18c4ad61e1f8 18.87MB / 25.60MB 1.5s
#9 sha256:356d4b647b64f188619c9ec69829da8f555db524e316cfd01bd2d88bcaaaf8fa 772B / 772B 0.3s done
[10:10:35] → #9 sha256:bf4c339fc5f8a61ab43c4705ed176f40471eb384211ce0106e2d2e7684989bdc 209B / 209B 0.7s done
#9 sha256:9097eea98b481ecf2d51490908fdc7bf810eda5de9c99eb6c36fbf91ef915179 0B / 958B 0.2s
[10:10:35] → #9 sha256:a7184f3665edddbc7158689d323241c2c2ca5b8d8085327fd61d18c4ad61e1f8 20.97MB / 25.60MB 1.7s
#9 sha256:877cd91aa8746044bf9b826152dbd0d950b3cdbf4481a69939e122f9129f47c8 0B / 5.05MB 0.2s
[10:10:36] → #9 sha256:a7184f3665edddbc7158689d323241c2c2ca5b8d8085327fd61d18c4ad61e1f8 25.60MB / 25.60MB 1.9s done
#9 sha256:9097eea98b481ecf2d51490908fdc7bf810eda5de9c99eb6c36fbf91ef915179 958B / 958B 0.4s done
[10:10:36] → #9 sha256:7dbc1adf280e1aa588c033eaa746aa6db327ee16be705740f81741f5e6945c86 3.15MB / 31.42MB 2.0s
[10:10:36] → #9 sha256:7dbc1adf280e1aa588c033eaa746aa6db327ee16be705740f81741f5e6945c86 9.44MB / 31.42MB 2.1s
[10:10:36] → #9 sha256:7dbc1adf280e1aa588c033eaa746aa6db327ee16be705740f81741f5e6945c86 16.78MB / 31.42MB 2.3s
[10:10:36] → #9 sha256:7dbc1adf280e1aa588c033eaa746aa6db327ee16be705740f81741f5e6945c86 18.87MB / 31.42MB 2.4s
[10:10:36] → #9 sha256:7dbc1adf280e1aa588c033eaa746aa6db327ee16be705740f81741f5e6945c86 24.12MB / 31.42MB 2.6s
[10:10:37] → #9 sha256:7dbc1adf280e1aa588c033eaa746aa6db327ee16be705740f81741f5e6945c86 31.42MB / 31.42MB 2.7s done
[10:10:37] → #9 sha256:877cd91aa8746044bf9b826152dbd0d950b3cdbf4481a69939e122f9129f47c8 1.05MB / 5.05MB 1.4s
[10:10:37] → #9 sha256:877cd91aa8746044bf9b826152dbd0d950b3cdbf4481a69939e122f9129f47c8 5.05MB / 5.05MB 1.6s done
#9 DONE 3.2s

#10 [admin] exporting to docker image format
#10 sending tarball
[10:10:40] → #10 sending tarball 2.7s done
#10 DONE 6.0s

#12 importing to docker
#12 loading layer 10764c37bcbc 31.42MB / 31.42MB 2.4s done
#12 loading layer 3225d4f9f4ca 25.60MB / 25.60MB 1.1s done
[10:10:40] → #12 loading layer 873f93be178a 624B / 624B 0.1s done
#12 loading layer e59c43799e87 958B / 958B 0.1s done
#12 loading layer 3ab90f23ff92 772B / 772B 0.1s done
#12 loading layer fcaa27534289 1.40kB / 1.40kB 0.1s done
#12 loading layer 5f70bf18a086 32B / 32B 0.1s done
#12 loading layer 6273f33541c8 209B / 209B 0.1s done
#12 loading layer 7bd76bd89413 5.05MB / 5.05MB 0.1s done
#12 loading layer 04eddf60c539 211B / 211B 0.0s done
#12 loading layer e8c3fb193499 285B / 285B 0.0s done
#12 DONE 2.4s

#13 [admin] resolving provenance for metadata file
#13 DONE 0.0s

#11 [node 1/4] FROM europe-west3-docker.pkg.dev/hoprassociation/docker-images/hoprd:4.0.0-rc.4@sha256:b4fa010ddfe9ad83cdf54b17438db5997ae5f40771e600f5fbf06342cfbb2864
#11 sha256:25921ab58cf0edbd8d229f2c42bb96e5de17491c437c2361e770b4a13eb68938 5.36kB / 5.36kB 0.3s done
#11 sha256:b5578bf6643330e8fde107b299ec7ea11822691c7494d4874e5598ccbb6a11f0 3.68MB / 3.68MB 1.0s done
#11 sha256:08aed99c5db17fc67658c4734f4d7ed7a5bb0b9bb37173f21524562ab518be42 196.78kB / 196.78kB 0.8s done
#11 sha256:cfb965a2e9c07ad53ac5ce215c88af7590285ecfb50ef6b67572d9f5cedbab49 1.78MB / 1.78MB 0.9s done
#11 sha256:3ad0888b7dbd7be7aaa5965f4f81d61c15160a4cd1c75fe4af835c12ad7f4db1 22.09kB / 22.09kB 0.3s done
#11 sha256:4b04b37db75bdcffbdd28990b888403bdd586ac674f9ec18442219bbb1c9fd8d 122.94kB / 122.94kB 0.6s done
#11 sha256:98fcc483008f087e6793f636c11ec3b20c261c4fca5546352b5724af27342685 1.74MB / 1.74MB 1.0s done
#11 sha256:d00a6acc45ea5455628c24a2d9989c2ac8b5fdbfe0f23cc5393b2d655dd04355 22.94MB / 22.94MB 1.7s done
#11 sha256:d8da3f59f990f112e7e20a707ab220c799b420910d8e00839a940a3f19b89f3a 511.58kB / 511.58kB 0.8s done
#11 sha256:1b660a0cbf50774825c167314fe3cc645fb7b3f102b97a37c8ddac31f4c686d7 25.68kB / 25.68kB 0.3s done
#11 sha256:3023847454b9bb7aaed327e686710208bca9bc75985fe3488a682324dc1e23d4 477.11kB / 477.11kB 0.8s done
#11 sha256:86bb75eb99351cc92bee6c12780b51a50457c9dfb235030f2ac62dd65533bbda 36.60kB / 36.60kB 0.3s done
#11 sha256:c06e804f00adb92c8b8e325f2a9d6322135c3fcdcdf73bc1022b1bd953c172c8 62.62kB / 62.62kB 1.0s done
#11 sha256:875ddf1d5078e5a9fd2fa8d80cebe1b0f4a475036ad72450f27aeea7eb00118b 53.40kB / 53.40kB 0.7s done
#11 sha256:638ed4f7902a3ffa63b02ac8866b394f84fe0b3ba74c82da4aac640b0f221ac6 0B / 4.81MB 1.2s
#11 sha256:79ae77791247b8bb534a9c90828c3df448253039cf3aea9c90d14c2558e21db0 0B / 1.10MB 1.1s
#11 sha256:dc1fbbcab4d39b0a9890619f79ad3afc11dc55e327387ac9d02e017f5453f1a9 0B / 682.32kB 0.8s
#11 sha256:e1f812b8b7e3e4e4faa1934c8693f1bdebf8d78dd6e0054a6e0db2b122487cea 0B / 1.73MB 0.6s
[10:10:40] → #11 sha256:dc1fbbcab4d39b0a9890619f79ad3afc11dc55e327387ac9d02e017f5453f1a9 682.32kB / 682.32kB 0.9s done
[10:10:40] → #11 sha256:638ed4f7902a3ffa63b02ac8866b394f84fe0b3ba74c82da4aac640b0f221ac6 1.05MB / 4.81MB 1.4s
#11 sha256:b04478a5a55d68d60ccb6338c26459174cbe259d58ec808b7022a26be81b71b2 0B / 1.18MB 0.2s
[10:10:40] → #11 sha256:638ed4f7902a3ffa63b02ac8866b394f84fe0b3ba74c82da4aac640b0f221ac6 4.81MB / 4.81MB 1.5s done
#11 sha256:79ae77791247b8bb534a9c90828c3df448253039cf3aea9c90d14c2558e21db0 1.10MB / 1.10MB 1.3s done
[10:10:40] → #11 sha256:ede21c36e1c7b37549bba1f7ad361e845fe488d4cfe445a5f19dd3aca4b5e26f 0B / 2.49MB 0.2s
#11 sha256:722f5b5374b4824fec62f4be5aef0635d138b9066ec1be54c6b04452f96fb747 0B / 753.87kB 0.2s
[10:10:41] → #11 sha256:e1f812b8b7e3e4e4faa1934c8693f1bdebf8d78dd6e0054a6e0db2b122487cea 1.73MB / 1.73MB 1.4s done
[10:10:41] → #11 sha256:b04478a5a55d68d60ccb6338c26459174cbe259d58ec808b7022a26be81b71b2 1.18MB / 1.18MB 0.9s done
#11 sha256:3741c1c435201c9528844e8588bf59d21c2bf7e8813acc396593a9cadec34c26 0B / 490.44kB 0.2s
[10:10:41] → #11 sha256:722f5b5374b4824fec62f4be5aef0635d138b9066ec1be54c6b04452f96fb747 753.87kB / 753.87kB 0.8s done
#11 sha256:1eed5495af8b7072495eb401dd64ed3940a813852a7fe88a5f18d25ee2ec1007 0B / 359.49kB 0.2s
[10:10:41] → #11 sha256:2427ff549b871c0044e0f77719405b6b4b6721bb2d30e8267c3c5a6a13528abd 0B / 3.66MB 0.2s
[10:10:41] → #11 sha256:ede21c36e1c7b37549bba1f7ad361e845fe488d4cfe445a5f19dd3aca4b5e26f 1.05MB / 2.49MB 1.4s
#11 sha256:3741c1c435201c9528844e8588bf59d21c2bf7e8813acc396593a9cadec34c26 490.44kB / 490.44kB 0.8s done
[10:10:41] → #11 sha256:ede21c36e1c7b37549bba1f7ad361e845fe488d4cfe445a5f19dd3aca4b5e26f 2.49MB / 2.49MB 1.4s done
#11 sha256:1eed5495af8b7072495eb401dd64ed3940a813852a7fe88a5f18d25ee2ec1007 359.49kB / 359.49kB 0.7s done
#11 sha256:cf2238196c49bcf6b1b11f54e3f333b83a239192ea6c9b50ead76ba51e481a67 0B / 208.72kB 0.2s
[10:10:42] → #11 sha256:c531e02d3c818f7c1b50276d9f9de28a6fe375ab457b8551432aa2bad4496d8c 0B / 146.44kB 0.2s
#11 sha256:ab1efed07160872547f6558bb8e4e9d56b2bd77d635a31980c0b08cd85bb962e 0B / 3.52MB 0.2s
[10:10:42] → #11 sha256:2427ff549b871c0044e0f77719405b6b4b6721bb2d30e8267c3c5a6a13528abd 1.05MB / 3.66MB 0.9s
#11 sha256:cf2238196c49bcf6b1b11f54e3f333b83a239192ea6c9b50ead76ba51e481a67 208.72kB / 208.72kB 0.6s done
[10:10:42] → #11 sha256:2427ff549b871c0044e0f77719405b6b4b6721bb2d30e8267c3c5a6a13528abd 3.66MB / 3.66MB 1.1s done
#11 sha256:c531e02d3c818f7c1b50276d9f9de28a6fe375ab457b8551432aa2bad4496d8c 146.44kB / 146.44kB 0.5s done
#11 sha256:6af0d62ca01ee71ba0102b974a67400fdd5381dd02a44dff5cc6154bc230562f 0B / 221.11kB 0.2s
[10:10:42] → #11 sha256:4f8c93094875db917be1aa120b4d54c19d6c8a9c7d52926aecd1491308b38954 0B / 1.67MB 0.2s
[10:10:42] → #11 sha256:dc64df21b24034ca1ca47eeb2fec8d3b390c76db8626aaed4239b367fec04fa3 0B / 1.89MB 0.2s
[10:10:43] → #11 sha256:ab1efed07160872547f6558bb8e4e9d56b2bd77d635a31980c0b08cd85bb962e 3.52MB / 3.52MB 1.1s done
#11 sha256:6af0d62ca01ee71ba0102b974a67400fdd5381dd02a44dff5cc6154bc230562f 221.11kB / 221.11kB 0.6s done
#11 sha256:7a7702ddafd093b0ddffb2f4fc784250eac5462a1ebb2dcc2ea9939d222c4312 0B / 851.85kB 0.2s
[10:10:43] → #11 sha256:5931252b4cca361d25cf1c3624a8b48cd6e203fa2c8b53c046bc39beef6956d3 0B / 1.25MB 0.2s
[10:10:43] → #11 sha256:4f8c93094875db917be1aa120b4d54c19d6c8a9c7d52926aecd1491308b38954 1.67MB / 1.67MB 0.9s done
#11 sha256:dc64df21b24034ca1ca47eeb2fec8d3b390c76db8626aaed4239b367fec04fa3 1.89MB / 1.89MB 0.9s done
[10:10:43] → #11 sha256:b02deb48af63908fceaa3dbebbc6ba720b45870a9108a4d7210d1fea2d4569dc 818B / 818B 0.2s done
#11 sha256:a27ba68ce8e6afbb001226f2821578ba7a0a413fb946518e8bf1609da32edcf4 0B / 677.77kB 0.2s
[10:10:43] → #11 sha256:284e55403261d95b372df93eb6816e047849b24ddcf9d9b3eb1bf02363900ac3 0B / 665.74kB 0.2s
[10:10:43] → #11 sha256:7a7702ddafd093b0ddffb2f4fc784250eac5462a1ebb2dcc2ea9939d222c4312 851.85kB / 851.85kB 0.9s done
[10:10:43] → #11 sha256:5931252b4cca361d25cf1c3624a8b48cd6e203fa2c8b53c046bc39beef6956d3 1.25MB / 1.25MB 1.0s done
[10:10:44] → #11 sha256:fec9b9615d97ce43ef27a2dbcf2ddef2e56e7ef63c0ddc002453c1d7e683c6c0 0B / 430.93kB 0.2s
#11 sha256:62cae7e0498a5bb8c6124bffdfbf1e9c79ee1bd0715985671c20c1ed8cad8865 0B / 220.66kB 0.2s
[10:10:44] → #11 sha256:a27ba68ce8e6afbb001226f2821578ba7a0a413fb946518e8bf1609da32edcf4 677.77kB / 677.77kB 0.9s done
[10:10:44] → #11 sha256:284e55403261d95b372df93eb6816e047849b24ddcf9d9b3eb1bf02363900ac3 665.74kB / 665.74kB 1.0s done
[10:10:44] → #11 sha256:768257525eb91c312954e5bbe9e5fab92b8bfad98aee9a083bab94c9f4493560 0B / 160.32kB 0.2s
[10:10:44] → #11 sha256:fec9b9615d97ce43ef27a2dbcf2ddef2e56e7ef63c0ddc002453c1d7e683c6c0 430.93kB / 430.93kB 0.8s done
#11 sha256:62cae7e0498a5bb8c6124bffdfbf1e9c79ee1bd0715985671c20c1ed8cad8865 220.66kB / 220.66kB 0.7s done
[10:10:44] → #11 sha256:1d8b0ff43269d4f8b6fd47fc263ddbdb531468b49324f0e684d9795e7f421f32 0B / 71.24kB 0.2s
#11 sha256:8c66d683a5c320a4cf5515f38bf17ca969a84f6255798709ddc43328fb3ae06e 0B / 127.50kB 0.2s
[10:10:44] → #11 sha256:768257525eb91c312954e5bbe9e5fab92b8bfad98aee9a083bab94c9f4493560 160.32kB / 160.32kB 0.5s done
#11 sha256:a52584492925cb53d486929e6a7a6c1346cac4204b5d405d666d4af5e836ee2c 0B / 119.09kB 0.2s
[10:10:45] → #11 sha256:1d8b0ff43269d4f8b6fd47fc263ddbdb531468b49324f0e684d9795e7f421f32 71.24kB / 71.24kB 0.4s done
#11 sha256:4fc497aa4df1f63e5d5a9931fdedff10799415f99d989f21e3b17bcf12cce313 0B / 35.93kB 0.2s
[10:10:45] → #11 sha256:a52584492925cb53d486929e6a7a6c1346cac4204b5d405d666d4af5e836ee2c 119.09kB / 119.09kB 0.5s done
[10:10:45] → #11 sha256:4fc497aa4df1f63e5d5a9931fdedff10799415f99d989f21e3b17bcf12cce313 35.93kB / 35.93kB 0.3s done
#11 sha256:47d1b54e635ac476cd155398f55139952d6181e50868037ffeeff7f9f493889f 0B / 45.51kB 0.2s
[10:10:45] → #11 sha256:8c66d683a5c320a4cf5515f38bf17ca969a84f6255798709ddc43328fb3ae06e 127.50kB / 127.50kB 0.6s done
#11 sha256:3609c1d38f0e96ea2dd0fb37ac3dc417d95d4331824f14a62e4732431229e75b 0B / 34.30kB 0.2s
[10:10:45] → #11 sha256:47d1b54e635ac476cd155398f55139952d6181e50868037ffeeff7f9f493889f 45.51kB / 45.51kB 0.3s done
#11 sha256:96b31f3db8d40ff6895c310a301e93b154d140a3d49ed7c83c1ef9aff190ded5 0B / 96.70kB 0.2s
#11 sha256:a6d38ae820843df937e26b786154962e9ac3d9f5f3a78b0518cbc07d52d1538a 0B / 96.50kB 0.2s
[10:10:45] → #11 sha256:3609c1d38f0e96ea2dd0fb37ac3dc417d95d4331824f14a62e4732431229e75b 34.30kB / 34.30kB 0.4s done
#11 sha256:24314badd7f4d599e189407519cfdbdf75bbdc688ad07774616c7759340932c4 0B / 79.89kB 0.2s
[10:10:45] → #11 sha256:96b31f3db8d40ff6895c310a301e93b154d140a3d49ed7c83c1ef9aff190ded5 96.70kB / 96.70kB 0.5s done
#11 sha256:a6d38ae820843df937e26b786154962e9ac3d9f5f3a78b0518cbc07d52d1538a 96.50kB / 96.50kB 0.5s done
[10:10:45] → #11 sha256:e4d510028ae1ad45859b699aa301b17022f6d138d5a19c03c0d0ab8b5a1409b8 0B / 70.21kB 0.2s
#11 sha256:e6e767300649692df13bf244d790c7f495704b948b1b6731344106ce1d9a7345 0B / 53.01kB 0.2s
[10:10:45] → #11 sha256:24314badd7f4d599e189407519cfdbdf75bbdc688ad07774616c7759340932c4 79.89kB / 79.89kB 0.6s done
#11 sha256:3285571cf779a6f9eed780ff53b336a4812a44197058700e5625efe6bfe56d35 0B / 32.86kB 0.2s
[10:10:46] → #11 sha256:e4d510028ae1ad45859b699aa301b17022f6d138d5a19c03c0d0ab8b5a1409b8 70.21kB / 70.21kB 0.5s done
[10:10:46] → #11 sha256:e6e767300649692df13bf244d790c7f495704b948b1b6731344106ce1d9a7345 53.01kB / 53.01kB 0.4s done
#11 sha256:3285571cf779a6f9eed780ff53b336a4812a44197058700e5625efe6bfe56d35 32.86kB / 32.86kB 0.3s done
#11 sha256:38163ac7dd224b908ee4f413aed4f56f67c163bc4523cf64374738a3b5de6757 0B / 21.59kB 0.2s
[10:10:46] → #11 sha256:38163ac7dd224b908ee4f413aed4f56f67c163bc4523cf64374738a3b5de6757 21.59kB / 21.59kB 0.3s done
#11 sha256:75dd3cc6600fc4c9151c6fd04825e91900e49d13ce566fd44c100e7ac800bbce 0B / 29.05kB 0.2s
#11 sha256:4524cee57df96d154d3f8f9d50e5201fcf7f4078e4763ec2129705fcbd8a4827 0B / 22.77kB 0.2s
[10:10:46] → #11 sha256:5aed173acece04152fcbcc1ef7de87b867c3732318529b5c78a7fc0dcf04f677 0B / 21.29kB 0.2s
#11 sha256:02f12c1b6f3951d0b0727c5a1f513dc5d00de7927adab07ae6c6d35a24989fb1 0B / 10.95kB 0.2s
[10:10:46] → #11 sha256:5aed173acece04152fcbcc1ef7de87b867c3732318529b5c78a7fc0dcf04f677 21.29kB / 21.29kB 0.3s done
[10:10:46] → #11 sha256:75dd3cc6600fc4c9151c6fd04825e91900e49d13ce566fd44c100e7ac800bbce 29.05kB / 29.05kB 0.5s done
#11 sha256:4524cee57df96d154d3f8f9d50e5201fcf7f4078e4763ec2129705fcbd8a4827 22.77kB / 22.77kB 0.4s done
#11 sha256:c060eb851659a537ff173bba86e5fe1d9776fe72ca85cb0253133500548a6741 0B / 10.97MB 0.2s
[10:10:46] → #11 sha256:02f12c1b6f3951d0b0727c5a1f513dc5d00de7927adab07ae6c6d35a24989fb1 10.95kB / 10.95kB 0.5s done
#11 sha256:7ad92f9b3fa93edc22ac5630006f7f8f7e05edaea6ca07833397ded0eb872dba 0B / 894.58kB 0.2s
[10:10:46] → #11 sha256:424aa734c64348212ccfd9a3fab08b99df0e9eafe07c11640ef66c62e66b13de 0B / 146.16kB 0.2s
#11 sha256:2eb9ccf40e16d471316a58c83eea4dae2b46b496c4c5bc335224a8f87850a3bb 0B / 302.43kB 0.2s
[10:10:47] → #11 sha256:424aa734c64348212ccfd9a3fab08b99df0e9eafe07c11640ef66c62e66b13de 146.16kB / 146.16kB 0.7s done
[10:10:47] → #11 sha256:c060eb851659a537ff173bba86e5fe1d9776fe72ca85cb0253133500548a6741 1.05MB / 10.97MB 1.1s
#11 sha256:2eb9ccf40e16d471316a58c83eea4dae2b46b496c4c5bc335224a8f87850a3bb 302.43kB / 302.43kB 0.8s done
[10:10:47] → #11 sha256:e3b788450297d6f2b0053f3f92478d3444dd92181e7de861f2d657d1c97b94b0 0B / 92.34kB 0.3s
[10:10:47] → #11 sha256:c060eb851659a537ff173bba86e5fe1d9776fe72ca85cb0253133500548a6741 4.19MB / 10.97MB 1.2s
[10:10:47] → #11 sha256:7ad92f9b3fa93edc22ac5630006f7f8f7e05edaea6ca07833397ded0eb872dba 894.58kB / 894.58kB 1.1s done
#11 sha256:4f3dd9271ddc8d685117a09a231db4f1b61d0d1326ca6ff3bdcd2aea9f9953f0 0B / 94.09kB 0.2s
[10:10:47] → #11 sha256:c060eb851659a537ff173bba86e5fe1d9776fe72ca85cb0253133500548a6741 10.97MB / 10.97MB 1.3s done
#11 sha256:e3b788450297d6f2b0053f3f92478d3444dd92181e7de861f2d657d1c97b94b0 92.34kB / 92.34kB 0.5s done
#11 sha256:4f3dd9271ddc8d685117a09a231db4f1b61d0d1326ca6ff3bdcd2aea9f9953f0 94.09kB / 94.09kB 0.4s done
#11 sha256:692c3b6ffbe5e948a8f4f2ed9d65158d0c92af6c87e63908ce1a4b3d212ea00a 0B / 94.07kB 0.2s
[10:10:48] → #11 sha256:f69d6778ddd4a9059de9dbdef9e26fb1419ee5051fb81b8def7620ab55663975 0B / 5.48kB 0.2s
[10:10:48] → #11 sha256:692c3b6ffbe5e948a8f4f2ed9d65158d0c92af6c87e63908ce1a4b3d212ea00a 94.07kB / 94.07kB 0.5s done
#11 sha256:f69d6778ddd4a9059de9dbdef9e26fb1419ee5051fb81b8def7620ab55663975 5.48kB / 5.48kB 0.3s done
#11 extracting sha256:f69d6778ddd4a9059de9dbdef9e26fb1419ee5051fb81b8def7620ab55663975 done
#11 extracting sha256:692c3b6ffbe5e948a8f4f2ed9d65158d0c92af6c87e63908ce1a4b3d212ea00a done
#11 extracting sha256:4f3dd9271ddc8d685117a09a231db4f1b61d0d1326ca6ff3bdcd2aea9f9953f0 done
#11 extracting sha256:e3b788450297d6f2b0053f3f92478d3444dd92181e7de861f2d657d1c97b94b0 done
#11 extracting sha256:2eb9ccf40e16d471316a58c83eea4dae2b46b496c4c5bc335224a8f87850a3bb done
#11 extracting sha256:7ad92f9b3fa93edc22ac5630006f7f8f7e05edaea6ca07833397ded0eb872dba 0.0s done
#11 extracting sha256:424aa734c64348212ccfd9a3fab08b99df0e9eafe07c11640ef66c62e66b13de 0.0s done
#11 extracting sha256:c060eb851659a537ff173bba86e5fe1d9776fe72ca85cb0253133500548a6741
[10:10:48] → #11 extracting sha256:c060eb851659a537ff173bba86e5fe1d9776fe72ca85cb0253133500548a6741 0.2s done
#11 DONE 14.2s
[10:10:48] → #11 [node 1/4] FROM europe-west3-docker.pkg.dev/hoprassociation/docker-images/hoprd:4.0.0-rc.4@sha256:b4fa010ddfe9ad83cdf54b17438db5997ae5f40771e600f5fbf06342cfbb2864
[10:10:48] → #11 extracting sha256:02f12c1b6f3951d0b0727c5a1f513dc5d00de7927adab07ae6c6d35a24989fb1 done
#11 extracting sha256:5aed173acece04152fcbcc1ef7de87b867c3732318529b5c78a7fc0dcf04f677 done
#11 extracting sha256:4524cee57df96d154d3f8f9d50e5201fcf7f4078e4763ec2129705fcbd8a4827 done
#11 extracting sha256:75dd3cc6600fc4c9151c6fd04825e91900e49d13ce566fd44c100e7ac800bbce done
#11 extracting sha256:38163ac7dd224b908ee4f413aed4f56f67c163bc4523cf64374738a3b5de6757 0.0s done
#11 extracting sha256:3285571cf779a6f9eed780ff53b336a4812a44197058700e5625efe6bfe56d35 done
#11 extracting sha256:e6e767300649692df13bf244d790c7f495704b948b1b6731344106ce1d9a7345 0.0s done
#11 extracting sha256:e4d510028ae1ad45859b699aa301b17022f6d138d5a19c03c0d0ab8b5a1409b8 done
#11 extracting sha256:24314badd7f4d599e189407519cfdbdf75bbdc688ad07774616c7759340932c4 done
#11 extracting sha256:a6d38ae820843df937e26b786154962e9ac3d9f5f3a78b0518cbc07d52d1538a done
#11 extracting sha256:96b31f3db8d40ff6895c310a301e93b154d140a3d49ed7c83c1ef9aff190ded5 done
#11 extracting sha256:3609c1d38f0e96ea2dd0fb37ac3dc417d95d4331824f14a62e4732431229e75b done
#11 extracting sha256:47d1b54e635ac476cd155398f55139952d6181e50868037ffeeff7f9f493889f done
#11 extracting sha256:4fc497aa4df1f63e5d5a9931fdedff10799415f99d989f21e3b17bcf12cce313 done
#11 extracting sha256:a52584492925cb53d486929e6a7a6c1346cac4204b5d405d666d4af5e836ee2c done
#11 extracting sha256:8c66d683a5c320a4cf5515f38bf17ca969a84f6255798709ddc43328fb3ae06e done
#11 DONE 14.3s
[10:10:48] → #11 [node 1/4] FROM europe-west3-docker.pkg.dev/hoprassociation/docker-images/hoprd:4.0.0-rc.4@sha256:b4fa010ddfe9ad83cdf54b17438db5997ae5f40771e600f5fbf06342cfbb2864
[10:10:48] → #11 extracting sha256:1d8b0ff43269d4f8b6fd47fc263ddbdb531468b49324f0e684d9795e7f421f32 done
#11 extracting sha256:768257525eb91c312954e5bbe9e5fab92b8bfad98aee9a083bab94c9f4493560 done
#11 extracting sha256:62cae7e0498a5bb8c6124bffdfbf1e9c79ee1bd0715985671c20c1ed8cad8865 done
#11 extracting sha256:fec9b9615d97ce43ef27a2dbcf2ddef2e56e7ef63c0ddc002453c1d7e683c6c0 done
#11 extracting sha256:284e55403261d95b372df93eb6816e047849b24ddcf9d9b3eb1bf02363900ac3 0.0s done
#11 extracting sha256:a27ba68ce8e6afbb001226f2821578ba7a0a413fb946518e8bf1609da32edcf4 0.0s done
#11 extracting sha256:b02deb48af63908fceaa3dbebbc6ba720b45870a9108a4d7210d1fea2d4569dc done
#11 extracting sha256:5931252b4cca361d25cf1c3624a8b48cd6e203fa2c8b53c046bc39beef6956d3 0.0s done
#11 extracting sha256:7a7702ddafd093b0ddffb2f4fc784250eac5462a1ebb2dcc2ea9939d222c4312
[10:10:48] → #11 extracting sha256:7a7702ddafd093b0ddffb2f4fc784250eac5462a1ebb2dcc2ea9939d222c4312 0.3s done
[10:10:48] → #11 DONE 14.7s
[10:10:48] → #11 [node 1/4] FROM europe-west3-docker.pkg.dev/hoprassociation/docker-images/hoprd:4.0.0-rc.4@sha256:b4fa010ddfe9ad83cdf54b17438db5997ae5f40771e600f5fbf06342cfbb2864
#11 extracting sha256:dc64df21b24034ca1ca47eeb2fec8d3b390c76db8626aaed4239b367fec04fa3 0.0s done
#11 extracting sha256:4f8c93094875db917be1aa120b4d54c19d6c8a9c7d52926aecd1491308b38954 0.0s done
#11 extracting sha256:6af0d62ca01ee71ba0102b974a67400fdd5381dd02a44dff5cc6154bc230562f done
#11 extracting sha256:ab1efed07160872547f6558bb8e4e9d56b2bd77d635a31980c0b08cd85bb962e 0.0s done
[10:10:48] → #11 DONE 14.8s
[10:10:49] → #11 [node 1/4] FROM europe-west3-docker.pkg.dev/hoprassociation/docker-images/hoprd:4.0.0-rc.4@sha256:b4fa010ddfe9ad83cdf54b17438db5997ae5f40771e600f5fbf06342cfbb2864
#11 extracting sha256:c531e02d3c818f7c1b50276d9f9de28a6fe375ab457b8551432aa2bad4496d8c done
#11 extracting sha256:cf2238196c49bcf6b1b11f54e3f333b83a239192ea6c9b50ead76ba51e481a67 done
#11 extracting sha256:2427ff549b871c0044e0f77719405b6b4b6721bb2d30e8267c3c5a6a13528abd 0.1s done
#11 extracting sha256:1eed5495af8b7072495eb401dd64ed3940a813852a7fe88a5f18d25ee2ec1007 done
#11 extracting sha256:3741c1c435201c9528844e8588bf59d21c2bf7e8813acc396593a9cadec34c26 0.0s done
[10:10:49] → #11 extracting sha256:ede21c36e1c7b37549bba1f7ad361e845fe488d4cfe445a5f19dd3aca4b5e26f 0.1s done
#11 DONE 15.0s
[10:10:49] → 
[10:10:49] → #11 [node 1/4] FROM europe-west3-docker.pkg.dev/hoprassociation/docker-images/hoprd:4.0.0-rc.4@sha256:b4fa010ddfe9ad83cdf54b17438db5997ae5f40771e600f5fbf06342cfbb2864
#11 extracting sha256:b04478a5a55d68d60ccb6338c26459174cbe259d58ec808b7022a26be81b71b2 0.0s done
#11 extracting sha256:722f5b5374b4824fec62f4be5aef0635d138b9066ec1be54c6b04452f96fb747 0.0s done
#11 extracting sha256:e1f812b8b7e3e4e4faa1934c8693f1bdebf8d78dd6e0054a6e0db2b122487cea 0.0s done
#11 extracting sha256:dc1fbbcab4d39b0a9890619f79ad3afc11dc55e327387ac9d02e017f5453f1a9 0.0s done
#11 DONE 15.1s
[10:10:49] → #11 [node 1/4] FROM europe-west3-docker.pkg.dev/hoprassociation/docker-images/hoprd:4.0.0-rc.4@sha256:b4fa010ddfe9ad83cdf54b17438db5997ae5f40771e600f5fbf06342cfbb2864
[10:10:49] → #11 extracting sha256:79ae77791247b8bb534a9c90828c3df448253039cf3aea9c90d14c2558e21db0 0.0s done
#11 extracting sha256:638ed4f7902a3ffa63b02ac8866b394f84fe0b3ba74c82da4aac640b0f221ac6 0.1s done
#11 extracting sha256:875ddf1d5078e5a9fd2fa8d80cebe1b0f4a475036ad72450f27aeea7eb00118b done
#11 DONE 15.2s
[10:10:49] → #11 [node 1/4] FROM europe-west3-docker.pkg.dev/hoprassociation/docker-images/hoprd:4.0.0-rc.4@sha256:b4fa010ddfe9ad83cdf54b17438db5997ae5f40771e600f5fbf06342cfbb2864
#11 extracting sha256:c06e804f00adb92c8b8e325f2a9d6322135c3fcdcdf73bc1022b1bd953c172c8 done
#11 extracting sha256:86bb75eb99351cc92bee6c12780b51a50457c9dfb235030f2ac62dd65533bbda done
#11 extracting sha256:3023847454b9bb7aaed327e686710208bca9bc75985fe3488a682324dc1e23d4 0.1s done
[10:10:49] → #11 extracting sha256:1b660a0cbf50774825c167314fe3cc645fb7b3f102b97a37c8ddac31f4c686d7 done
#11 extracting sha256:d00a6acc45ea5455628c24a2d9989c2ac8b5fdbfe0f23cc5393b2d655dd04355
[10:10:49] → #11 extracting sha256:d00a6acc45ea5455628c24a2d9989c2ac8b5fdbfe0f23cc5393b2d655dd04355 0.3s done
#11 extracting sha256:d8da3f59f990f112e7e20a707ab220c799b420910d8e00839a940a3f19b89f3a
[10:10:49] → #11 extracting sha256:d8da3f59f990f112e7e20a707ab220c799b420910d8e00839a940a3f19b89f3a 0.0s done
#11 extracting sha256:98fcc483008f087e6793f636c11ec3b20c261c4fca5546352b5724af27342685 0.0s done
#11 extracting sha256:4b04b37db75bdcffbdd28990b888403bdd586ac674f9ec18442219bbb1c9fd8d done
#11 extracting sha256:3ad0888b7dbd7be7aaa5965f4f81d61c15160a4cd1c75fe4af835c12ad7f4db1 done
#11 extracting sha256:cfb965a2e9c07ad53ac5ce215c88af7590285ecfb50ef6b67572d9f5cedbab49 0.0s done
#11 extracting sha256:08aed99c5db17fc67658c4734f4d7ed7a5bb0b9bb37173f21524562ab518be42 done
#11 DONE 15.6s
[10:10:50] → #11 [node 1/4] FROM europe-west3-docker.pkg.dev/hoprassociation/docker-images/hoprd:4.0.0-rc.4@sha256:b4fa010ddfe9ad83cdf54b17438db5997ae5f40771e600f5fbf06342cfbb2864
#11 extracting sha256:b5578bf6643330e8fde107b299ec7ea11822691c7494d4874e5598ccbb6a11f0 0.1s done
#11 extracting sha256:25921ab58cf0edbd8d229f2c42bb96e5de17491c437c2361e770b4a13eb68938 0.0s done
[10:10:50] → #11 DONE 15.7s

#14 [node 2/4] ADD hoprd.cfg.yaml /app/hoprd/conf/hoprd.cfg.yaml
[10:10:50] → #14 DONE 0.2s
[10:10:50] → #15 [node 3/4] ADD entrypoint.sh /bin/entrypoint.sh
#15 DONE 0.0s

#16 [node 4/4] RUN chmod +rx /bin/entrypoint.sh
#16 DONE 0.1s

#17 [node] exporting to docker image format
#17 exporting layers 0.0s done
#17 exporting manifest sha256:81a6417db40cd345af3610ed69d5595e9b6ee7957e1f33792631f8dc1581f7f1 done
#17 exporting config sha256:b222be9a942fde23e9970961abbcbb6366fb1dbe42006d5543d2e09f86e5c1eb
[10:10:50] → #17 exporting config sha256:b222be9a942fde23e9970961abbcbb6366fb1dbe42006d5543d2e09f86e5c1eb done
#17 sending tarball
[10:10:50] → #17 sending tarball 0.5s done
#17 DONE 0.5s

#18 importing to docker
#18 loading layer aa6ac02680cb 573B / 573B 0.1s done
#18 loading layer 8167cd48b867 217B / 217B 0.0s done
#18 loading layer 254c7393e3f3 120B / 120B 0.0s done
#18 DONE 0.1s
[10:10:50] → #19 [node] resolving provenance for metadata file
#19 DONE 0.0s
[10:10:50] → admin  Built
 node  Built
[10:10:50] Build docker image [completed]
[10:10:50] Save and compress image [started]
[10:10:50] → Saving docker image to file...
[10:10:50] → xz: Filter chain: --lzma2=dict=64MiB,lc=3,lp=0,pb=2,mode=normal,nice=273,mf=bt4,depth=512
xz: Using up to 4 threads.
xz: 4997 MiB of memory is required. The limiter is disabled.
xz: Decompression will need 65 MiB of memory.
xz: Reduced the number of threads from 4 to 3 to not exceed the memory usage limit of 3998 MiB
[10:10:52] → --- %           0.0 MiB / 0.0 MiB > 9.999                   0:01
[10:10:52] → --- %           0.0 MiB / 0.0 MiB = 0.001                   0:02
[10:10:53] → --- %           0.6 MiB / 2.3 MiB = 0.250   799 KiB/s       0:03
[10:10:54] → --- %           1.2 MiB / 6.0 MiB = 0.195   1.5 MiB/s       0:04
[10:10:56] → --- %          2.1 MiB / 11.1 MiB = 0.190   2.1 MiB/s       0:05
[10:10:56] → --- %          3.0 MiB / 15.3 MiB = 0.195   2.5 MiB/s       0:06
[10:10:57] → --- %          3.9 MiB / 18.5 MiB = 0.212   2.6 MiB/s       0:07
[10:10:59] → --- %          5.1 MiB / 23.4 MiB = 0.218   2.8 MiB/s       0:08
[10:10:59] → --- %          6.4 MiB / 27.7 MiB = 0.233   3.0 MiB/s       0:09
[10:11:00] → --- %          9.1 MiB / 32.5 MiB = 0.280   3.2 MiB/s       0:10
[10:11:02] → --- %         10.9 MiB / 37.0 MiB = 0.294   3.3 MiB/s       0:11
[10:11:02] → --- %         11.3 MiB / 40.8 MiB = 0.277   3.4 MiB/s       0:12
[10:11:03] → --- %         11.9 MiB / 44.0 MiB = 0.270   3.4 MiB/s       0:13
[10:11:05] → --- %         12.7 MiB / 48.6 MiB = 0.261   3.4 MiB/s       0:14
[10:11:05] → --- %         13.4 MiB / 51.8 MiB = 0.259   3.4 MiB/s       0:15
[10:11:06] → --- %         14.1 MiB / 54.9 MiB = 0.256   3.4 MiB/s       0:16
[10:11:08] → --- %         15.0 MiB / 58.9 MiB = 0.254   3.4 MiB/s       0:17
[10:11:08] → --- %         16.0 MiB / 61.9 MiB = 0.258   3.4 MiB/s       0:18
[10:11:09] → --- %         16.4 MiB / 64.9 MiB = 0.253   3.4 MiB/s       0:19
[10:11:11] → --- %         17.3 MiB / 68.3 MiB = 0.254   3.4 MiB/s       0:20
[10:11:11] → --- %         17.9 MiB / 71.5 MiB = 0.250   3.4 MiB/s       0:21
[10:11:12] → --- %         18.3 MiB / 74.4 MiB = 0.246   3.4 MiB/s       0:22
[10:11:14] → --- %         18.9 MiB / 79.0 MiB = 0.239   3.4 MiB/s       0:23
[10:11:14] → --- %         19.3 MiB / 82.1 MiB = 0.235   3.4 MiB/s       0:24
[10:11:15] → --- %         19.7 MiB / 85.0 MiB = 0.232   3.4 MiB/s       0:25
[10:11:17] → --- %         20.7 MiB / 90.0 MiB = 0.230   3.4 MiB/s       0:26
[10:11:17] → --- %         21.3 MiB / 94.0 MiB = 0.226   3.5 MiB/s       0:27
[10:11:18] → --- %         22.0 MiB / 97.6 MiB = 0.225   3.5 MiB/s       0:28
[10:11:20] → --- %        23.0 MiB / 100.8 MiB = 0.228   3.4 MiB/s       0:29
[10:11:20] → --- %        23.7 MiB / 103.2 MiB = 0.230   3.4 MiB/s       0:30
[10:11:21] → --- %        24.5 MiB / 105.6 MiB = 0.232   3.4 MiB/s       0:31
[10:11:23] → --- %        25.7 MiB / 108.8 MiB = 0.236   3.4 MiB/s       0:32
[10:11:23] → --- %        26.2 MiB / 110.9 MiB = 0.236   3.3 MiB/s       0:33
[10:11:24] → --- %        26.8 MiB / 113.2 MiB = 0.236   3.3 MiB/s       0:34
[10:11:26] → --- %        27.8 MiB / 116.6 MiB = 0.238   3.3 MiB/s       0:35
[10:11:26] → --- %        28.4 MiB / 118.7 MiB = 0.239   3.3 MiB/s       0:36
[10:11:27] → --- %        29.3 MiB / 121.2 MiB = 0.242   3.3 MiB/s       0:37
[10:11:29] → --- %        30.2 MiB / 124.0 MiB = 0.243   3.2 MiB/s       0:38
[10:11:29] → --- %        30.8 MiB / 126.5 MiB = 0.243   3.2 MiB/s       0:39
[10:11:30] → --- %        31.3 MiB / 128.8 MiB = 0.243   3.2 MiB/s       0:40
[10:11:32] → --- %        32.3 MiB / 131.7 MiB = 0.245   3.2 MiB/s       0:41
[10:11:32] → --- %        32.9 MiB / 134.0 MiB = 0.246   3.2 MiB/s       0:42
[10:11:33] → --- %        33.4 MiB / 136.1 MiB = 0.245   3.2 MiB/s       0:43
[10:11:35] → --- %        34.2 MiB / 139.7 MiB = 0.244   3.2 MiB/s       0:44
[10:11:35] → --- %        34.6 MiB / 142.6 MiB = 0.242   3.2 MiB/s       0:45
[10:11:36] → --- %        35.3 MiB / 145.7 MiB = 0.242   3.2 MiB/s       0:46
[10:11:38] → --- %        35.9 MiB / 150.2 MiB = 0.239   3.2 MiB/s       0:47
[10:11:38] → --- %        36.6 MiB / 153.3 MiB = 0.239   3.2 MiB/s       0:48
[10:11:39] → --- %        37.2 MiB / 157.2 MiB = 0.237   3.2 MiB/s       0:49
[10:11:41] → --- %        37.4 MiB / 162.1 MiB = 0.230   3.2 MiB/s       0:50
[10:11:41] → --- %        37.7 MiB / 166.0 MiB = 0.227   3.2 MiB/s       0:51
[10:11:42] → --- %        38.1 MiB / 169.6 MiB = 0.224   3.3 MiB/s       0:52
[10:11:44] → --- %        39.5 MiB / 174.1 MiB = 0.227   3.3 MiB/s       0:53
[10:11:44] → --- %        40.0 MiB / 177.0 MiB = 0.226   3.3 MiB/s       0:54
[10:11:45] → --- %        40.6 MiB / 179.9 MiB = 0.226   3.3 MiB/s       0:55
[10:11:47] → --- %        41.2 MiB / 183.0 MiB = 0.225   3.3 MiB/s       0:56
[10:11:47] → --- %        41.6 MiB / 185.3 MiB = 0.225   3.2 MiB/s       0:57
[10:11:48] → --- %        41.8 MiB / 188.3 MiB = 0.222   3.2 MiB/s       0:58
[10:11:50] → --- %        42.5 MiB / 191.7 MiB = 0.222   3.2 MiB/s       0:59
[10:11:50] → --- %        43.1 MiB / 194.3 MiB = 0.222   3.2 MiB/s       1:00
[10:11:51] → --- %        43.7 MiB / 196.8 MiB = 0.222   3.2 MiB/s       1:01
[10:11:53] → --- %        44.4 MiB / 199.8 MiB = 0.222   3.2 MiB/s       1:02
[10:11:53] → --- %        44.9 MiB / 202.5 MiB = 0.222   3.2 MiB/s       1:03
[10:11:54] → --- %        46.2 MiB / 205.5 MiB = 0.225   3.2 MiB/s       1:04
[10:11:56] → --- %        47.4 MiB / 210.5 MiB = 0.225   3.2 MiB/s       1:05
[10:11:56] → --- %        48.2 MiB / 214.1 MiB = 0.225   3.2 MiB/s       1:06
[10:11:57] → --- %        49.0 MiB / 217.1 MiB = 0.225   3.2 MiB/s       1:07
[10:11:59] → --- %        49.9 MiB / 221.4 MiB = 0.226   3.2 MiB/s       1:08
[10:11:59] → --- %        50.5 MiB / 224.8 MiB = 0.225   3.2 MiB/s       1:09
[10:12:01] → --- %        51.2 MiB / 229.5 MiB = 0.223   3.3 MiB/s       1:10
[10:12:02] → --- %        51.9 MiB / 233.6 MiB = 0.222   3.3 MiB/s       1:11
[10:12:02] → --- %        52.5 MiB / 237.5 MiB = 0.221   3.3 MiB/s       1:12
[10:12:04] → --- %        53.5 MiB / 242.9 MiB = 0.220   3.3 MiB/s       1:13
[10:12:05] → --- %        54.2 MiB / 246.6 MiB = 0.220   3.3 MiB/s       1:14
[10:12:05] → --- %        54.9 MiB / 249.9 MiB = 0.220   3.3 MiB/s       1:15
[10:12:07] → --- %        55.7 MiB / 254.0 MiB = 0.219   3.3 MiB/s       1:16
[10:12:08] → --- %        56.6 MiB / 256.6 MiB = 0.220   3.3 MiB/s       1:17
[10:12:08] → --- %        57.2 MiB / 259.7 MiB = 0.220   3.3 MiB/s       1:18
[10:12:10] → --- %        58.2 MiB / 263.6 MiB = 0.221   3.3 MiB/s       1:19
[10:12:11] → --- %        59.0 MiB / 266.8 MiB = 0.221   3.3 MiB/s       1:20
[10:12:11] → --- %        59.8 MiB / 269.1 MiB = 0.222   3.3 MiB/s       1:21
[10:12:13] → --- %        60.7 MiB / 272.6 MiB = 0.223   3.3 MiB/s       1:22
[10:12:14] → --- %        61.6 MiB / 275.0 MiB = 0.224   3.3 MiB/s       1:23
[10:12:14] → --- %        62.2 MiB / 277.6 MiB = 0.224   3.3 MiB/s       1:24
[10:12:16] → --- %        62.9 MiB / 281.5 MiB = 0.223   3.3 MiB/s       1:25
[10:12:17] → --- %        63.1 MiB / 282.9 MiB = 0.223   3.3 MiB/s       1:26
[10:12:17] → --- %        63.8 MiB / 285.0 MiB = 0.224   3.3 MiB/s       1:27
[10:12:19] → --- %        64.1 MiB / 287.8 MiB = 0.223   3.3 MiB/s       1:28
[10:12:20] → --- %        64.5 MiB / 289.2 MiB = 0.223   3.2 MiB/s       1:29
[10:12:20] → --- %        64.8 MiB / 290.5 MiB = 0.223   3.2 MiB/s       1:30
[10:12:22] → --- %        65.1 MiB / 292.4 MiB = 0.223   3.2 MiB/s       1:31
[10:12:23] → --- %        65.3 MiB / 293.8 MiB = 0.222   3.2 MiB/s       1:32
[10:12:23] → --- %        65.5 MiB / 295.2 MiB = 0.222   3.2 MiB/s       1:33
[10:12:25] → --- %        65.8 MiB / 297.0 MiB = 0.222   3.1 MiB/s       1:34
[10:12:26] → --- %        66.0 MiB / 298.4 MiB = 0.221   3.1 MiB/s       1:35
[10:12:26] → --- %        66.1 MiB / 299.9 MiB = 0.220   3.1 MiB/s       1:36
[10:12:28] → --- %        66.6 MiB / 301.5 MiB = 0.221   3.1 MiB/s       1:37
[10:12:29] → --- %        66.9 MiB / 302.7 MiB = 0.221   3.1 MiB/s       1:38
[10:12:29] → --- %        67.3 MiB / 303.8 MiB = 0.222   3.1 MiB/s       1:39
[10:12:31] → --- %        67.6 MiB / 306.3 MiB = 0.221   3.1 MiB/s       1:40
[10:12:32] → --- %        67.9 MiB / 308.6 MiB = 0.220   3.0 MiB/s       1:41
[10:12:32] → --- %        68.2 MiB / 310.7 MiB = 0.220   3.0 MiB/s       1:42
[10:12:34] → --- %        68.4 MiB / 313.8 MiB = 0.218   3.0 MiB/s       1:43
[10:12:35] → --- %        68.6 MiB / 316.3 MiB = 0.217   3.0 MiB/s       1:44
[10:12:35] → --- %        68.9 MiB / 318.4 MiB = 0.216   3.0 MiB/s       1:45
[10:12:37] → --- %        69.4 MiB / 320.0 MiB = 0.217   3.0 MiB/s       1:46
[10:12:38] → --- %        69.8 MiB / 321.2 MiB = 0.217   3.0 MiB/s       1:47
[10:12:38] → --- %        70.4 MiB / 323.3 MiB = 0.218   3.0 MiB/s       1:48
[10:12:40] → --- %        71.8 MiB / 325.8 MiB = 0.220   3.0 MiB/s       1:49
[10:12:41] → --- %        73.0 MiB / 327.8 MiB = 0.223   3.0 MiB/s       1:50
[10:12:41] → --- %        73.1 MiB / 328.3 MiB = 0.223   3.0 MiB/s       1:51
[10:12:43] → --- %        73.1 MiB / 328.8 MiB = 0.222   2.9 MiB/s       1:52
[10:12:44] → --- %        73.2 MiB / 329.3 MiB = 0.222   2.9 MiB/s       1:53
[10:12:44] → --- %        73.2 MiB / 329.7 MiB = 0.222   2.9 MiB/s       1:54
[10:12:46] → --- %        73.3 MiB / 330.3 MiB = 0.222   2.9 MiB/s       1:55
[10:12:47] → --- %        73.3 MiB / 330.7 MiB = 0.222   2.8 MiB/s       1:56
[10:12:47] → --- %        73.4 MiB / 331.2 MiB = 0.222   2.8 MiB/s       1:57
[10:12:49] → --- %        73.4 MiB / 331.8 MiB = 0.221   2.8 MiB/s       1:58
[10:12:50] → --- %        73.6 MiB / 333.4 MiB = 0.221   2.8 MiB/s       1:59
[10:12:50] → --- %        73.7 MiB / 334.3 MiB = 0.220   2.8 MiB/s       2:00
[10:12:50] → (stdin): 73.7 MiB / 334.3 MiB = 0.220, 2.8 MiB/s, 2:00
[10:12:50] → Storing saved image to cache...
[10:12:51] Save and compress image [completed]
[10:12:51] Cleanup temporary files [started]
[10:12:51] Cleanup temporary files [completed]
[10:12:51] Build hopr-testnet.public.dappnode.eth (version 1.0.19) for arch linux/amd64 [completed]
[10:12:51] Upload release for hopr-testnet.public.dappnode.eth to IPFS node [started]
[10:12:51] → Uploading... 0.00%
[10:12:52] → Uploading... 0.53%
[10:12:53] → Uploading... 1.55%
[10:12:55] → Uploading... 2.56%
[10:12:56] → Uploading... 3.58%
[10:12:58] → Uploading... 4.51%
[10:12:59] → Uploading... 5.53%
[10:13:00] → Uploading... 6.55%
[10:13:02] → Uploading... 7.56%
[10:13:03] → Uploading... 8.58%
[10:13:05] → Uploading... 9.51%
[10:13:06] → Uploading... 10.53%
[10:13:07] → Uploading... 11.54%
[10:13:09] → Uploading... 12.56%
[10:13:10] → Uploading... 13.58%
[10:13:12] → Uploading... 14.51%
[10:13:13] → Uploading... 15.52%
[10:13:14] → Uploading... 16.54%
[10:13:16] → Uploading... 17.56%
[10:13:17] → Uploading... 18.57%
[10:13:19] → Uploading... 19.51%
[10:13:20] → Uploading... 20.52%
[10:13:21] → Uploading... 21.54%
[10:13:23] → Uploading... 22.56%
[10:13:24] → Uploading... 23.57%
[10:13:25] → Uploading... 24.50%
[10:13:27] → Uploading... 25.52%
[10:13:28] → Uploading... 26.54%
[10:13:30] → Uploading... 27.55%
[10:13:31] → Uploading... 28.57%
[10:13:32] → Uploading... 29.50%
[10:13:34] → Uploading... 30.52%
[10:13:35] → Uploading... 31.54%
[10:13:37] → Uploading... 32.55%
[10:13:38] → Uploading... 33.57%
[10:13:39] → Uploading... 34.50%
[10:13:41] → Uploading... 35.52%
[10:13:42] → Uploading... 36.53%
[10:13:44] → Uploading... 37.55%
[10:13:45] → Uploading... 38.57%
[10:13:46] → Uploading... 39.58%
[10:13:48] → Uploading... 40.52%
[10:13:49] → Uploading... 41.53%
[10:13:51] → Uploading... 42.55%
[10:13:52] → Uploading... 43.56%
[10:13:53] → Uploading... 44.58%
[10:13:55] → Uploading... 45.51%
[10:13:56] → Uploading... 46.53%
[10:13:58] → Uploading... 47.55%
[10:13:59] → Uploading... 48.56%
[10:14:00] → Uploading... 49.58%
[10:14:02] → Uploading... 50.51%
[10:14:03] → Uploading... 51.53%
[10:14:05] → Uploading... 52.54%
[10:14:06] → Uploading... 53.56%
[10:14:07] → Uploading... 54.58%
[10:14:09] → Uploading... 55.51%
[10:14:10] → Uploading... 56.53%
[10:14:12] → Uploading... 57.54%
[10:14:13] → Uploading... 58.56%
[10:14:14] → Uploading... 59.58%
[10:14:16] → Uploading... 60.51%
[10:14:17] → Uploading... 61.52%
[10:14:18] → Uploading... 62.54%
[10:14:20] → Uploading... 63.56%
[10:14:21] → Uploading... 64.57%
[10:14:23] → Uploading... 65.51%
[10:14:24] → Uploading... 66.52%
[10:14:25] → Uploading... 67.54%
[10:14:27] → Uploading... 68.56%
[10:14:28] → Uploading... 69.57%
[10:14:30] → Uploading... 70.50%
[10:14:31] → Uploading... 71.52%
[10:14:32] → Uploading... 72.54%
[10:14:34] → Uploading... 73.55%
[10:14:35] → Uploading... 74.57%
[10:14:37] → Uploading... 75.50%
[10:14:38] → Uploading... 76.52%
[10:14:39] → Uploading... 77.53%
[10:14:41] → Uploading... 78.55%
[10:14:42] → Uploading... 79.57%
[10:14:44] → Uploading... 80.58%
[10:14:45] → Uploading... 81.52%
[10:14:46] → Uploading... 82.53%
[10:14:48] → Uploading... 83.55%
[10:14:49] → Uploading... 84.57%
[10:14:51] → Uploading... 85.58%
[10:14:52] → Uploading... 86.51%
[10:14:53] → Uploading... 87.53%
[10:14:55] → Uploading... 88.55%
[10:14:56] → Uploading... 89.56%
[10:14:58] → Uploading... 90.58%
[10:14:59] → Uploading... 91.51%
[10:15:00] → Uploading... 92.53%
[10:15:02] → Uploading... 93.55%
[10:15:03] → Uploading... 94.56%
[10:15:05] → Uploading... 95.58%
[10:15:06] → Uploading... 96.51%
[10:15:07] → Uploading... 97.53%
[10:15:09] → Uploading... 98.54%
[10:15:10] → Uploading... 99.56%
[10:15:11] Upload release for hopr-testnet.public.dappnode.eth to IPFS node [completed]
[10:15:11] Save upload results [started]
[10:15:11] Save upload results [completed]

          Dappnode Package (hopr-testnet.public.dappnode.eth) built and uploaded 
          DNP name : hopr-testnet.public.dappnode.eth
          Release hash : /ipfs/QmY2mpdfHiJrrNY2wUuY6gLpz5mqJQKPhzuy81BkCu6bWY
          http://my.dappnode/installer/public/%2Fipfs%2FQmY2mpdfHiJrrNY2wUuY6gLpz5mqJQKPhzuy81BkCu6bWY
        
